<?xml version="1.0" encoding="UTF-8"?>
<!-- Generated by org.testng.reporters.JUnitReportReporter -->
<testsuite hostname="LAPTOP-V2H6MTKJ" failures="0" tests="1" name="cutsomer.CreateCustomerTest" time="0.012" errors="0" timestamp="2022-03-28T14:50:08 IST" skipped="0">
  <testcase classname="cutsomer.CreateCustomerTest" name="createCustomer" time="0.012"/>
  <system-out/>
</testsuite> <!-- cutsomer.CreateCustomerTest -->
